<?xml version="1.0" encoding="UTF-8"?>
<robot generator="Robot 4.1.3 (Python 3.10.5 on win32)" generated="20220731 16:08:03.858" rpa="false" schemaversion="2">
<suite id="s1" name="TesteTriangulo" source="C:\Robot_Framework\TrianguloTest\TesteTriangulo.robot">
<test id="s1-t1" name="Caso de Teste 01 - Acesso a aplicação">
<kw name="Abrir o navegador" library="TesteTrianguloResource">
<kw name="Open Browser" library="SeleniumLibrary">
<arg>browser=${BROWSER}</arg>
<doc>Opens a new browser instance to the optional ``url``.</doc>
<msg timestamp="20220731 16:08:04.424" level="INFO">Opening browser 'chrome' to base url 'None'.</msg>
<status status="PASS" starttime="20220731 16:08:04.423" endtime="20220731 16:08:06.901"/>
</kw>
<status status="PASS" starttime="20220731 16:08:04.422" endtime="20220731 16:08:06.902"/>
</kw>
<kw name="Acessar página vanilton.net/triangulo/" library="TesteTrianguloResource">
<kw name="Go To" library="SeleniumLibrary">
<arg>${URL}</arg>
<doc>Navigates the current browser window to the provided ``url``.</doc>
<msg timestamp="20220731 16:08:06.907" level="INFO">Opening url 'http://www.vanilton.net/triangulo/'</msg>
<status status="PASS" starttime="20220731 16:08:06.904" endtime="20220731 16:08:14.863"/>
</kw>
<status status="PASS" starttime="20220731 16:08:06.903" endtime="20220731 16:08:14.863"/>
</kw>
<kw name="Verificar se o título da página fica &quot;Triângulo&quot;" library="TesteTrianguloResource" sourcename="Verificar se o título da página fica &quot;${TITULO}&quot;">
<kw name="Title Should Be" library="SeleniumLibrary">
<arg>${TITULO}</arg>
<doc>Verifies that the current page title equals ``title``.</doc>
<msg timestamp="20220731 16:08:15.013" level="INFO">Page title is 'Triângulo'.</msg>
<status status="PASS" starttime="20220731 16:08:14.868" endtime="20220731 16:08:15.013"/>
</kw>
<status status="PASS" starttime="20220731 16:08:14.863" endtime="20220731 16:08:15.013"/>
</kw>
<status status="PASS" starttime="20220731 16:08:04.415" endtime="20220731 16:08:15.013"/>
</test>
<test id="s1-t2" name="Caso de Teste 02 - Verificar Triângulo">
<kw name="Digitar o tamanho do vértice 1" library="TesteTrianguloResource">
<kw name="Input Text" library="SeleniumLibrary">
<arg>${VERTICE1}</arg>
<arg>${TEXT_VERTICE1}</arg>
<doc>Types the given ``text`` into the text field identified by ``locator``.</doc>
<msg timestamp="20220731 16:08:15.021" level="INFO">Typing text '15' into text field 'xpath=/html/body/form/input[1]'.</msg>
<status status="PASS" starttime="20220731 16:08:15.020" endtime="20220731 16:08:17.442"/>
</kw>
<status status="PASS" starttime="20220731 16:08:15.020" endtime="20220731 16:08:17.443"/>
</kw>
<kw name="Digitar o tamanho do vértice 2" library="TesteTrianguloResource">
<kw name="Input Text" library="SeleniumLibrary">
<arg>${VERTICE2}</arg>
<arg>${TEXT_VERTICE2}</arg>
<doc>Types the given ``text`` into the text field identified by ``locator``.</doc>
<msg timestamp="20220731 16:08:17.445" level="INFO">Typing text '15' into text field 'xpath=/html/body/form/input[2]'.</msg>
<status status="PASS" starttime="20220731 16:08:17.445" endtime="20220731 16:08:17.725"/>
</kw>
<status status="PASS" starttime="20220731 16:08:17.444" endtime="20220731 16:08:17.725"/>
</kw>
<kw name="Digitar o tamanho do vértice 3" library="TesteTrianguloResource">
<kw name="Input Text" library="SeleniumLibrary">
<arg>${VERTICE3}</arg>
<arg>${TEXT_VERTICE3}</arg>
<doc>Types the given ``text`` into the text field identified by ``locator``.</doc>
<msg timestamp="20220731 16:08:17.727" level="INFO">Typing text '12' into text field 'xpath=/html/body/form/input[3]'.</msg>
<status status="PASS" starttime="20220731 16:08:17.727" endtime="20220731 16:08:17.847"/>
</kw>
<status status="PASS" starttime="20220731 16:08:17.726" endtime="20220731 16:08:17.847"/>
</kw>
<kw name="Clicar no botão Identificar" library="TesteTrianguloResource">
<kw name="Click Button" library="SeleniumLibrary">
<arg>${BUTTON}</arg>
<doc>Clicks the button identified by ``locator``.</doc>
<msg timestamp="20220731 16:08:17.851" level="INFO">Clicking button 'xpath=/html/body/form/input[4]'.</msg>
<status status="PASS" starttime="20220731 16:08:17.850" endtime="20220731 16:08:19.180"/>
</kw>
<status status="PASS" starttime="20220731 16:08:17.849" endtime="20220731 16:08:19.181"/>
</kw>
<kw name="Identificar triângulo" library="TesteTrianguloResource">
<if>
<branch type="IF" condition="(${TEXT_VERTICE1} + ${TEXT_VERTICE2} &lt; ${TEXT_VERTICE3}) or (${TEXT_VERTICE1} + ${TEXT_VERTICE3} &lt; ${TEXT_VERTICE2}) or (${TEXT_VERTICE2} + ${TEXT_VERTICE3} &lt; ${TEXT_VERTICE1})">
<kw name="Log" library="BuiltIn">
<arg>Não é um triângulo</arg>
<doc>Logs the given message with the given level.</doc>
<status status="NOT RUN" starttime="20220731 16:08:19.183" endtime="20220731 16:08:19.184"/>
</kw>
<status status="NOT RUN" starttime="20220731 16:08:19.183" endtime="20220731 16:08:19.184"/>
</branch>
<branch type="ELSE IF" condition="(${TEXT_VERTICE1} == ${TEXT_VERTICE2} != ${TEXT_VERTICE3}) or (${TEXT_VERTICE1} == ${TEXT_VERTICE3} != ${TEXT_VERTICE2}) or (${TEXT_VERTICE2} == ${TEXT_VERTICE3} != ${TEXT_VERTICE1})">
<kw name="Log" library="BuiltIn">
<arg>Triângulo isósceles</arg>
<doc>Logs the given message with the given level.</doc>
<msg timestamp="20220731 16:08:19.185" level="INFO">Triângulo isósceles</msg>
<status status="PASS" starttime="20220731 16:08:19.184" endtime="20220731 16:08:19.185"/>
</kw>
<status status="PASS" starttime="20220731 16:08:19.184" endtime="20220731 16:08:19.185"/>
</branch>
<branch type="ELSE IF" condition="(${TEXT_VERTICE1} == ${TEXT_VERTICE2} == ${TEXT_VERTICE3})">
<kw name="Log" library="BuiltIn">
<arg>Triângulo equilátero</arg>
<doc>Logs the given message with the given level.</doc>
<status status="NOT RUN" starttime="20220731 16:08:19.185" endtime="20220731 16:08:19.185"/>
</kw>
<status status="NOT RUN" starttime="20220731 16:08:19.185" endtime="20220731 16:08:19.185"/>
</branch>
<branch type="ELSE">
<kw name="Log" library="BuiltIn">
<arg>Triângulo escaleno</arg>
<doc>Logs the given message with the given level.</doc>
<status status="NOT RUN" starttime="20220731 16:08:19.185" endtime="20220731 16:08:19.186"/>
</kw>
<status status="NOT RUN" starttime="20220731 16:08:19.185" endtime="20220731 16:08:19.186"/>
</branch>
<status status="PASS" starttime="20220731 16:08:19.183" endtime="20220731 16:08:19.186"/>
</if>
<status status="PASS" starttime="20220731 16:08:19.182" endtime="20220731 16:08:19.186"/>
</kw>
<kw name="Fechar navegador" library="TesteTrianguloResource">
<kw name="Close Browser" library="SeleniumLibrary">
<doc>Closes the current browser.</doc>
<status status="PASS" starttime="20220731 16:08:19.187" endtime="20220731 16:08:21.722"/>
</kw>
<status status="PASS" starttime="20220731 16:08:19.187" endtime="20220731 16:08:21.722"/>
</kw>
<status status="PASS" starttime="20220731 16:08:15.019" endtime="20220731 16:08:21.722"/>
</test>
<status status="PASS" starttime="20220731 16:08:03.858" endtime="20220731 16:08:21.726"/>
</suite>
<statistics>
<total>
<stat pass="2" fail="0" skip="0">All Tests</stat>
</total>
<tag>
</tag>
<suite>
<stat pass="2" fail="0" skip="0" id="s1" name="TesteTriangulo">TesteTriangulo</stat>
</suite>
</statistics>
<errors>
</errors>
</robot>
